<?xml version="1.0" encoding="UTF-8"?>
<!-- Generated by org.testng.reporters.JUnitReportReporter -->
<testsuite hostname="Prateeks-PC" name="Test.TestCase" tests="1" failures="0" timestamp="26 Sep 2021 11:11:44 GMT" time="12.098" errors="0">
  <testcase name="getTitle" time="12.098" classname="Test.TestCase"/>
</testsuite> <!-- Test.TestCase -->
